Starting Dynare (version 4.5.6).
Starting preprocessing of the model file ...
Found 5 equation(s).
Evaluating expressions...done
Computing static model derivatives:
 - order 1
Computing dynamic model derivatives:
 - order 1
 - order 2
Processing outputs ...
done
Preprocessing completed.

STEADY-STATE RESULTS:

x  		 0
pi 		 0
i  		 0
u  		 0
nu 		 0

EIGENVALUES:
         Modulus             Real        Imaginary

             0.8              0.8                0
             0.8              0.8                0
           1.353            1.278           0.4426
           1.353            1.278          -0.4426


There are 2 eigenvalue(s) larger than 1 in modulus 
for 2 forward-looking variable(s)

The rank condition is verified.


خلاصه مدل

  تعداد متغیرها:         5
  تعداد تکانه‌های تصادفی: 3
  تعداد متغیرهای وضعیت:   2
  تعداد متغیرهای جهشی:           2
  تعداد متغیرهای ایستا:  1


ماتریس کوواریانس تکانه‌های برون‌زا
\text{متغیرها}         e_u      e_pi      e_nu
e_u               0.000100  0.000000  0.000000
e_pi              0.000000  0.000100  0.000000
e_nu              0.000000  0.000000  0.000100

POLICY AND TRANSITION FUNCTIONS
                                   x              pi               i               u              nu
u(-1)                       0.395688        1.544705        2.317058        0.800000               0
nu(-1)                     -0.263792       -1.029803       -0.744705               0        0.800000
e_u                         0.494610        1.930881        2.896322        1.000000               0
e_pi                       -0.551876        0.551876        0.827815               0               0
e_nu                       -0.329740       -1.287254       -0.930881               0        1.000000


گشتاورهای متغیرهای شبیه‌سازی شده
\text{متغیر}         \text{میانگین}  \text{انحراف معیار}       \text{واریانس}         \text{چولگی}        \text{کشیدگی}
x                          0.000193             0.011351             0.000129             0.091938             0.065893
pi                         0.000462             0.038993             0.001520             0.054336            -0.038350
i                          0.000752             0.051347             0.002637             0.065053            -0.041826
u                          0.000309             0.016624             0.000276             0.063488            -0.050117
nu                         0.000058             0.016285             0.000265            -0.035519             0.026583


همبستگی متغیرهای شبیه‌سازی شده
\text{متغیر}         x      pi       i       u      nu
x               1.0000  0.7981  0.7544  0.7346 -0.4881
pi              0.7981  1.0000  0.9643  0.8319 -0.5510
i               0.7544  0.9643  1.0000  0.9421 -0.3105
u               0.7346  0.8319  0.9421  1.0000 -0.0172
nu             -0.4881 -0.5510 -0.3105 -0.0172  1.0000


خودهمبستگی متغیرهای شبیه‌سازی شده
\text{متغیر}         1       2       3       4       5
x               0.6201  0.5084  0.4089  0.3199  0.2573
pi              0.7894  0.6450  0.5240  0.4256  0.3392
i               0.7828  0.6354  0.5131  0.4142  0.3280
u               0.8028  0.6435  0.5144  0.4056  0.3168
nu              0.7929  0.6305  0.5029  0.3960  0.3065



تجزیه واریانس شبیه‌سازی یک تکانه در هر لحظه (به درصد)
                   e_u              e_pi              e_nu  Tot. lin. contr.
x                52.48             23.43             22.38             98.30
pi               67.78              1.99             28.91             98.67
i                87.94              2.58              8.72             99.24
u               100.01              0.00              0.00            100.01
nu                0.00              0.00            100.01            100.01
Note: numbers do not add up to 100 due to non-zero correlation of simulated shocks in small samples

This is XeTeX, Version 3.14159265-2.6-0.99998 (TeX Live 2017) (preloaded format=xelatex)
 restricted \write18 enabled.
entering extended mode
(./New_keynesian_TeX_binder.tex
LaTeX2e <2017-04-15>
Babel <3.10> and hyphenation patterns for 84 language(s) loaded.
(/usr/local/texlive/2017/texmf-dist/tex/latex/base/article.cls
Document Class: article 2014/09/29 v1.4h Standard LaTeX document class
(/usr/local/texlive/2017/texmf-dist/tex/latex/base/size12.clo))
(/usr/local/texlive/2017/texmf-dist/tex/latex/geometry/geometry.sty
(/usr/local/texlive/2017/texmf-dist/tex/latex/graphics/keyval.sty)
(/usr/local/texlive/2017/texmf-dist/tex/generic/oberdiek/ifpdf.sty)
(/usr/local/texlive/2017/texmf-dist/tex/generic/oberdiek/ifvtex.sty)
(/usr/local/texlive/2017/texmf-dist/tex/generic/ifxetex/ifxetex.sty))
(/usr/local/texlive/2017/texmf-dist/tex/latex/psfrag/psfrag.sty
(/usr/local/texlive/2017/texmf-dist/tex/latex/graphics/graphics.sty
(/usr/local/texlive/2017/texmf-dist/tex/latex/graphics/trig.sty)
(/usr/local/texlive/2017/texmf-dist/tex/latex/graphics-cfg/graphics.cfg)
(/usr/local/texlive/2017/texmf-dist/tex/latex/graphics-def/xetex.def)))
(/usr/local/texlive/2017/texmf-dist/tex/latex/graphics/graphicx.sty)
(/usr/local/texlive/2017/texmf-dist/tex/latex/pgfplots/pgfplots.sty
(/usr/local/texlive/2017/texmf-dist/tex/generic/pgfplots/pgfplots.revision.tex)
(/usr/local/texlive/2017/texmf-dist/tex/latex/pgf/frontendlayer/tikz.sty
(/usr/local/texlive/2017/texmf-dist/tex/latex/pgf/basiclayer/pgf.sty
(/usr/local/texlive/2017/texmf-dist/tex/latex/pgf/utilities/pgfrcs.sty
(/usr/local/texlive/2017/texmf-dist/tex/generic/pgf/utilities/pgfutil-common.te
x
(/usr/local/texlive/2017/texmf-dist/tex/generic/pgf/utilities/pgfutil-common-li
sts.tex))
(/usr/local/texlive/2017/texmf-dist/tex/generic/pgf/utilities/pgfutil-latex.def
(/usr/local/texlive/2017/texmf-dist/tex/latex/ms/everyshi.sty))
(/usr/local/texlive/2017/texmf-dist/tex/generic/pgf/utilities/pgfrcs.code.tex))
(/usr/local/texlive/2017/texmf-dist/tex/latex/pgf/basiclayer/pgfcore.sty
(/usr/local/texlive/2017/texmf-dist/tex/latex/pgf/systemlayer/pgfsys.sty
(/usr/local/texlive/2017/texmf-dist/tex/generic/pgf/systemlayer/pgfsys.code.tex
(/usr/local/texlive/2017/texmf-dist/tex/generic/pgf/utilities/pgfkeys.code.tex
(/usr/local/texlive/2017/texmf-dist/tex/generic/pgf/utilities/pgfkeysfiltered.c
ode.tex))
(/usr/local/texlive/2017/texmf-dist/tex/generic/pgf/systemlayer/pgf.cfg)
(/usr/local/texlive/2017/texmf-dist/tex/generic/pgf/systemlayer/pgfsys-xetex.de
f
(/usr/local/texlive/2017/texmf-dist/tex/generic/pgf/systemlayer/pgfsys-dvipdfmx
.def
(/usr/local/texlive/2017/texmf-dist/tex/generic/pgf/systemlayer/pgfsys-common-p
df.def))))
(/usr/local/texlive/2017/texmf-dist/tex/generic/pgf/systemlayer/pgfsyssoftpath.
code.tex)
(/usr/local/texlive/2017/texmf-dist/tex/generic/pgf/systemlayer/pgfsysprotocol.
code.tex)) (/usr/local/texlive/2017/texmf-dist/tex/latex/xcolor/xcolor.sty
(/usr/local/texlive/2017/texmf-dist/tex/latex/graphics-cfg/color.cfg))
(/usr/local/texlive/2017/texmf-dist/tex/generic/pgf/basiclayer/pgfcore.code.tex
(/usr/local/texlive/2017/texmf-dist/tex/generic/pgf/math/pgfmath.code.tex
(/usr/local/texlive/2017/texmf-dist/tex/generic/pgf/math/pgfmathcalc.code.tex
(/usr/local/texlive/2017/texmf-dist/tex/generic/pgf/math/pgfmathutil.code.tex)
(/usr/local/texlive/2017/texmf-dist/tex/generic/pgf/math/pgfmathparser.code.tex
)
(/usr/local/texlive/2017/texmf-dist/tex/generic/pgf/math/pgfmathfunctions.code.
tex
(/usr/local/texlive/2017/texmf-dist/tex/generic/pgf/math/pgfmathfunctions.basic
.code.tex)
(/usr/local/texlive/2017/texmf-dist/tex/generic/pgf/math/pgfmathfunctions.trigo
nometric.code.tex)
(/usr/local/texlive/2017/texmf-dist/tex/generic/pgf/math/pgfmathfunctions.rando
m.code.tex)
(/usr/local/texlive/2017/texmf-dist/tex/generic/pgf/math/pgfmathfunctions.compa
rison.code.tex)
(/usr/local/texlive/2017/texmf-dist/tex/generic/pgf/math/pgfmathfunctions.base.
code.tex)
(/usr/local/texlive/2017/texmf-dist/tex/generic/pgf/math/pgfmathfunctions.round
.code.tex)
(/usr/local/texlive/2017/texmf-dist/tex/generic/pgf/math/pgfmathfunctions.misc.
code.tex)
(/usr/local/texlive/2017/texmf-dist/tex/generic/pgf/math/pgfmathfunctions.integ
erarithmetics.code.tex)))
(/usr/local/texlive/2017/texmf-dist/tex/generic/pgf/math/pgfmathfloat.code.tex)
)
(/usr/local/texlive/2017/texmf-dist/tex/generic/pgf/basiclayer/pgfcorepoints.co
de.tex)
(/usr/local/texlive/2017/texmf-dist/tex/generic/pgf/basiclayer/pgfcorepathconst
ruct.code.tex)
(/usr/local/texlive/2017/texmf-dist/tex/generic/pgf/basiclayer/pgfcorepathusage
.code.tex)
(/usr/local/texlive/2017/texmf-dist/tex/generic/pgf/basiclayer/pgfcorescopes.co
de.tex)
(/usr/local/texlive/2017/texmf-dist/tex/generic/pgf/basiclayer/pgfcoregraphicst
ate.code.tex)
(/usr/local/texlive/2017/texmf-dist/tex/generic/pgf/basiclayer/pgfcoretransform
ations.code.tex)
(/usr/local/texlive/2017/texmf-dist/tex/generic/pgf/basiclayer/pgfcorequick.cod
e.tex)
(/usr/local/texlive/2017/texmf-dist/tex/generic/pgf/basiclayer/pgfcoreobjects.c
ode.tex)
(/usr/local/texlive/2017/texmf-dist/tex/generic/pgf/basiclayer/pgfcorepathproce
ssing.code.tex)
(/usr/local/texlive/2017/texmf-dist/tex/generic/pgf/basiclayer/pgfcorearrows.co
de.tex)
(/usr/local/texlive/2017/texmf-dist/tex/generic/pgf/basiclayer/pgfcoreshade.cod
e.tex)
(/usr/local/texlive/2017/texmf-dist/tex/generic/pgf/basiclayer/pgfcoreimage.cod
e.tex
(/usr/local/texlive/2017/texmf-dist/tex/generic/pgf/basiclayer/pgfcoreexternal.
code.tex))
(/usr/local/texlive/2017/texmf-dist/tex/generic/pgf/basiclayer/pgfcorelayers.co
de.tex)
(/usr/local/texlive/2017/texmf-dist/tex/generic/pgf/basiclayer/pgfcoretranspare
ncy.code.tex)
(/usr/local/texlive/2017/texmf-dist/tex/generic/pgf/basiclayer/pgfcorepatterns.
code.tex)))
(/usr/local/texlive/2017/texmf-dist/tex/generic/pgf/modules/pgfmoduleshapes.cod
e.tex)
(/usr/local/texlive/2017/texmf-dist/tex/generic/pgf/modules/pgfmoduleplot.code.
tex)
(/usr/local/texlive/2017/texmf-dist/tex/latex/pgf/compatibility/pgfcomp-version
-0-65.sty)
(/usr/local/texlive/2017/texmf-dist/tex/latex/pgf/compatibility/pgfcomp-version
-1-18.sty))
(/usr/local/texlive/2017/texmf-dist/tex/latex/pgf/utilities/pgffor.sty
(/usr/local/texlive/2017/texmf-dist/tex/latex/pgf/utilities/pgfkeys.sty
(/usr/local/texlive/2017/texmf-dist/tex/generic/pgf/utilities/pgfkeys.code.tex)
) (/usr/local/texlive/2017/texmf-dist/tex/latex/pgf/math/pgfmath.sty
(/usr/local/texlive/2017/texmf-dist/tex/generic/pgf/math/pgfmath.code.tex))
(/usr/local/texlive/2017/texmf-dist/tex/generic/pgf/utilities/pgffor.code.tex
(/usr/local/texlive/2017/texmf-dist/tex/generic/pgf/math/pgfmath.code.tex)))
(/usr/local/texlive/2017/texmf-dist/tex/generic/pgf/frontendlayer/tikz/tikz.cod
e.tex
(/usr/local/texlive/2017/texmf-dist/tex/generic/pgf/libraries/pgflibraryplothan
dlers.code.tex)
(/usr/local/texlive/2017/texmf-dist/tex/generic/pgf/modules/pgfmodulematrix.cod
e.tex)
(/usr/local/texlive/2017/texmf-dist/tex/generic/pgf/frontendlayer/tikz/librarie
s/tikzlibrarytopaths.code.tex)))
(/usr/local/texlive/2017/texmf-dist/tex/generic/pgfplots/pgfplots.code.tex
(/usr/local/texlive/2017/texmf-dist/tex/generic/pgfplots/pgfplotscore.code.tex
(/usr/local/texlive/2017/texmf-dist/tex/generic/pgfplots/sys/pgfplotssysgeneric
.code.tex))
(/usr/local/texlive/2017/texmf-dist/tex/generic/pgfplots/libs/pgfplotslibrary.c
ode.tex)
(/usr/local/texlive/2017/texmf-dist/tex/generic/pgfplots/oldpgfcompatib/pgfplot
soldpgfsupp_loader.code.tex
(/usr/local/texlive/2017/texmf-dist/tex/generic/pgf/libraries/pgflibraryfpu.cod
e.tex)
Package pgfplots: loading complementary arithmetics for your pgf version...

(/usr/local/texlive/2017/texmf-dist/tex/generic/pgfplots/oldpgfcompatib/pgfplot
soldpgfsupp_pgflibraryfpu.code.tex)
(/usr/local/texlive/2017/texmf-dist/tex/generic/pgfplots/oldpgfcompatib/pgfplot
soldpgfsupp_pgfmathfloat.code.tex))
(/usr/local/texlive/2017/texmf-dist/tex/generic/pgfplots/util/pgfplotsutil.code
.tex
(/usr/local/texlive/2017/texmf-dist/tex/generic/pgfplots/liststructure/pgfplots
liststructure.code.tex)
(/usr/local/texlive/2017/texmf-dist/tex/generic/pgfplots/liststructure/pgfplots
liststructureext.code.tex)
(/usr/local/texlive/2017/texmf-dist/tex/generic/pgfplots/liststructure/pgfplots
array.code.tex)
(/usr/local/texlive/2017/texmf-dist/tex/generic/pgfplots/liststructure/pgfplots
matrix.code.tex)
(/usr/local/texlive/2017/texmf-dist/tex/generic/pgfplots/numtable/pgfplotstable
shared.code.tex)
(/usr/local/texlive/2017/texmf-dist/tex/generic/pgfplots/liststructure/pgfplots
deque.code.tex)
(/usr/local/texlive/2017/texmf-dist/tex/generic/pgfplots/util/pgfplotsbinary.co
de.tex
(/usr/local/texlive/2017/texmf-dist/tex/generic/pgfplots/util/pgfplotsbinary.da
ta.code.tex))
(/usr/local/texlive/2017/texmf-dist/tex/generic/pgfplots/util/pgfplotsutil.verb
.code.tex)
(/usr/local/texlive/2017/texmf-dist/tex/generic/pgfplots/libs/pgflibrarypgfplot
s.surfshading.code.tex
(/usr/local/texlive/2017/texmf-dist/tex/generic/pgfplots/sys/pgflibrarypgfplots
.surfshading.pgfsys-xetex.def
(/usr/local/texlive/2017/texmf-dist/tex/generic/pgfplots/sys/pgflibrarypgfplots
.surfshading.pgfsys-dvipdfmx.def))))
(/usr/local/texlive/2017/texmf-dist/tex/generic/pgfplots/util/pgfplotscolormap.
code.tex
(/usr/local/texlive/2017/texmf-dist/tex/generic/pgfplots/util/pgfplotscolor.cod
e.tex))
(/usr/local/texlive/2017/texmf-dist/tex/generic/pgfplots/pgfplotsstackedplots.c
ode.tex)
(/usr/local/texlive/2017/texmf-dist/tex/generic/pgfplots/pgfplotsplothandlers.c
ode.tex
(/usr/local/texlive/2017/texmf-dist/tex/generic/pgfplots/pgfplotsmeshplothandle
r.code.tex
(/usr/local/texlive/2017/texmf-dist/tex/generic/pgfplots/pgfplotsmeshplotimage.
code.tex)))
(/usr/local/texlive/2017/texmf-dist/tex/generic/pgfplots/pgfplots.scaling.code.
tex)
(/usr/local/texlive/2017/texmf-dist/tex/generic/pgfplots/pgfplotscoordprocessin
g.code.tex)
(/usr/local/texlive/2017/texmf-dist/tex/generic/pgfplots/pgfplots.errorbars.cod
e.tex)
(/usr/local/texlive/2017/texmf-dist/tex/generic/pgfplots/pgfplots.markers.code.
tex)
(/usr/local/texlive/2017/texmf-dist/tex/generic/pgfplots/pgfplotsticks.code.tex
)
(/usr/local/texlive/2017/texmf-dist/tex/generic/pgfplots/pgfplots.paths.code.te
x)
(/usr/local/texlive/2017/texmf-dist/tex/generic/pgf/frontendlayer/tikz/librarie
s/tikzlibrarydecorations.code.tex
(/usr/local/texlive/2017/texmf-dist/tex/generic/pgf/modules/pgfmoduledecoration
s.code.tex))
(/usr/local/texlive/2017/texmf-dist/tex/generic/pgf/frontendlayer/tikz/librarie
s/tikzlibrarydecorations.pathmorphing.code.tex
(/usr/local/texlive/2017/texmf-dist/tex/generic/pgf/libraries/decorations/pgfli
brarydecorations.pathmorphing.code.tex))
(/usr/local/texlive/2017/texmf-dist/tex/generic/pgf/frontendlayer/tikz/librarie
s/tikzlibrarydecorations.pathreplacing.code.tex
(/usr/local/texlive/2017/texmf-dist/tex/generic/pgf/libraries/decorations/pgfli
brarydecorations.pathreplacing.code.tex)))
(/usr/local/texlive/2017/texmf-dist/tex/generic/pgf/frontendlayer/tikz/librarie
s/tikzlibraryplotmarks.code.tex
(/usr/local/texlive/2017/texmf-dist/tex/generic/pgf/libraries/pgflibraryplotmar
ks.code.tex)))
(/usr/local/texlive/2017/texmf-dist/tex/generic/pgf/libraries/pgflibraryarrows.
meta.code.tex)
(/usr/local/texlive/2017/texmf-dist/tex/generic/pgfplots/libs/tikzlibrarypgfplo
ts.patchplots.code.tex)
(/usr/local/texlive/2017/texmf-dist/tex/latex/oberdiek/grffile.sty
(/usr/local/texlive/2017/texmf-dist/tex/latex/oberdiek/kvoptions.sty
(/usr/local/texlive/2017/texmf-dist/tex/generic/oberdiek/ltxcmds.sty)
(/usr/local/texlive/2017/texmf-dist/tex/generic/oberdiek/kvsetkeys.sty
(/usr/local/texlive/2017/texmf-dist/tex/generic/oberdiek/infwarerr.sty)
(/usr/local/texlive/2017/texmf-dist/tex/generic/oberdiek/etexcmds.sty
(/usr/local/texlive/2017/texmf-dist/tex/generic/oberdiek/ifluatex.sty))))
(/usr/local/texlive/2017/texmf-dist/tex/generic/oberdiek/pdftexcmds.sty))
(/usr/local/texlive/2017/texmf-dist/tex/latex/oberdiek/epstopdf.sty
(/usr/local/texlive/2017/texmf-dist/tex/latex/oberdiek/epstopdf-base.sty
(/usr/local/texlive/2017/texmf-dist/tex/latex/oberdiek/grfext.sty
(/usr/local/texlive/2017/texmf-dist/tex/generic/oberdiek/kvdefinekeys.sty))

Package epstopdf Warning: Drivers other than `pdftex' and `luatex' are not supp
orted.

)) (/usr/local/texlive/2017/texmf-dist/tex/latex/tools/longtable.sty)
(/usr/local/texlive/2017/texmf-dist/tex/latex/booktabs/booktabs.sty)
(/usr/local/texlive/2017/texmf-dist/tex/latex/amsmath/amsmath.sty
For additional information on amsmath, use the `?' option.
(/usr/local/texlive/2017/texmf-dist/tex/latex/amsmath/amstext.sty
(/usr/local/texlive/2017/texmf-dist/tex/latex/amsmath/amsgen.sty))
(/usr/local/texlive/2017/texmf-dist/tex/latex/amsmath/amsbsy.sty)
(/usr/local/texlive/2017/texmf-dist/tex/latex/amsmath/amsopn.sty))
(/usr/local/texlive/2017/texmf-dist/tex/latex/amsfonts/amsfonts.sty)
(/usr/local/texlive/2017/texmf-dist/tex/latex/breqn/breqn.sty
(/usr/local/texlive/2017/texmf-dist/tex/latex/l3kernel/expl3.sty
(/usr/local/texlive/2017/texmf-dist/tex/latex/l3kernel/expl3-code.tex)
(/usr/local/texlive/2017/texmf-dist/tex/latex/l3kernel/l3xdvipdfmx.def))
(/usr/local/texlive/2017/texmf-dist/tex/latex/breqn/flexisym.sty
(/usr/local/texlive/2017/texmf-dist/tex/latex/breqn/cmbase.sym)
(/usr/local/texlive/2017/texmf-dist/tex/latex/breqn/mathstyle.sty))
(/usr/local/texlive/2017/texmf-dist/tex/latex/tools/calc.sty))
(/usr/local/texlive/2017/texmf-dist/tex/latex/float/float.sty)
(/usr/local/texlive/2017/texmf-dist/tex/latex/morefloats/morefloats.sty)
(/usr/local/texlive/2017/texmf-dist/tex/latex/caption/caption.sty
(/usr/local/texlive/2017/texmf-dist/tex/latex/caption/caption3.sty)
(/usr/local/texlive/2017/texmf-dist/tex/latex/caption/ltcaption.sty))
(/usr/local/texlive/2017/texmf-dist/tex/xelatex/xepersian/xepersian.sty
(/usr/local/texlive/2017/texmf-dist/tex/latex/fontspec/fontspec.sty
(/usr/local/texlive/2017/texmf-dist/tex/latex/l3packages/xparse/xparse.sty)
(/usr/local/texlive/2017/texmf-dist/tex/latex/fontspec/fontspec-xetex.sty
(/usr/local/texlive/2017/texmf-dist/tex/latex/base/fontenc.sty
(/usr/local/texlive/2017/texmf-dist/tex/latex/base/tuenc.def))
(/usr/local/texlive/2017/texmf-dist/tex/latex/fontspec/fontspec.cfg)))
(/usr/local/texlive/2017/texmf-dist/tex/xelatex/xepersian/xepersian-persiancal.
sty)
(/usr/local/texlive/2017/texmf-dist/tex/xelatex/xepersian/xepersian-mathsdigits
pec.sty) (/usr/local/texlive/2017/texmf-dist/tex/xelatex/bidi/bidi.sty
****************************************************
* 
* bidi package (Bidirectional typesetting in
* plain TeX and LaTeX, using XeTeX engine)
* 
* Description: A convenient interface for
* typesetting bidirectional texts in plain TeX
* and LaTeX. The package includes adaptations
* for use with many other commonly-used packages.
* 
* Copyright (c) 2009--2017 Vafa Khalighi
* 
* 2017/05/19, v30.6
* 
* License: LaTeX Project Public License, version
* 1.3c or higher (your choice)
* 
* Location on CTAN: /macros/xetex/latex/bidi
* 
* Issue tracker: https://github.com/tex-xet/bidi/issues
* 
* Support: persian-tex@tug.org
* 
* Instagram: https://www.instagram.com/persiantex
* 
****************************************************
(/usr/local/texlive/2017/texmf-dist/tex/generic/iftex/iftex.sty)
(/usr/local/texlive/2017/texmf-dist/tex/xelatex/bidi/biditools.sty

Package bidi Warning: Patching '\end' failed!
(bidi)                '\bidi@AfterEndEnvironment' will not work.

) (/usr/local/texlive/2017/texmf-dist/tex/latex/oberdiek/zref-abspage.sty
(/usr/local/texlive/2017/texmf-dist/tex/latex/oberdiek/zref-base.sty
(/usr/local/texlive/2017/texmf-dist/tex/latex/oberdiek/auxhook.sty))
(/usr/local/texlive/2017/texmf-dist/tex/generic/oberdiek/atbegshi.sty))
(/usr/local/texlive/2017/texmf-dist/tex/latex/xkeyval/xkeyval.sty
(/usr/local/texlive/2017/texmf-dist/tex/generic/xkeyval/xkeyval.tex
(/usr/local/texlive/2017/texmf-dist/tex/generic/xkeyval/xkvutils.tex)))
(/usr/local/texlive/2017/texmf-dist/tex/xelatex/bidi/latex-xetex-bidi.def
(/usr/local/texlive/2017/texmf-dist/tex/xelatex/bidi/footnote-xetex-bidi.def)
(/usr/local/texlive/2017/texmf-dist/tex/xelatex/bidi/article-xetex-bidi.def)
(/usr/local/texlive/2017/texmf-dist/tex/xelatex/bidi/amsmath-xetex-bidi.def)
(/usr/local/texlive/2017/texmf-dist/tex/xelatex/bidi/amstext-xetex-bidi.def)
(/usr/local/texlive/2017/texmf-dist/tex/xelatex/bidi/breqn-xetex-bidi.def)
(/usr/local/texlive/2017/texmf-dist/tex/xelatex/bidi/caption-xetex-bidi.def)
(/usr/local/texlive/2017/texmf-dist/tex/xelatex/bidi/caption3-xetex-bidi.def)
(/usr/local/texlive/2017/texmf-dist/tex/xelatex/bidi/color-xetex-bidi.def)
(/usr/local/texlive/2017/texmf-dist/tex/xelatex/bidi/xcolor-xetex-bidi.def)
(/usr/local/texlive/2017/texmf-dist/tex/xelatex/bidi/float-xetex-bidi.def)
(/usr/local/texlive/2017/texmf-dist/tex/xelatex/bidi/graphicx-xetex-bidi.def)
(/usr/local/texlive/2017/texmf-dist/tex/xelatex/bidi/geometry-xetex-bidi.def)
(/usr/local/texlive/2017/texmf-dist/tex/xelatex/bidi/longtable-xetex-bidi.def)
(/usr/local/texlive/2017/texmf-dist/tex/xelatex/bidi/pgfcorescopes.code-xetex-b
idi.def))
(/usr/local/texlive/2017/texmf-dist/tex/xelatex/bidi/loadingorder-xetex-bidi.de
f))
****************************************************
* 
* xepersian package (Persian for LaTeX, using XeTeX engine)
* 
* Description: The package supports Persian
* typesetting, using fonts provided in the
* distribution.
* 
* Copyright (c) 2008--2017 Vafa Khalighi
* 
* v18.6, 2017/05/06
* 
* License: LaTeX Project Public License, version
* 1.3c or higher (your choice)
* 
* Location on CTAN: /macros/xetex/latex/xepersian
* 
* Issue tracker: https://github.com/tex-xet/xepersian/issues
* 
* Support: persian-tex@tug.org
* 
* Instagram: https://www.instagram.com/persiantex
****************************************************

(/usr/local/texlive/2017/texmf-dist/tex/xelatex/xepersian/loadingorder-xepersia
n.def)
(/usr/local/texlive/2017/texmf-dist/tex/xelatex/xepersian/footnote-xepersian.de
f)
(/usr/local/texlive/2017/texmf-dist/tex/xelatex/xepersian/breqn-xepersian.def)
(/usr/local/texlive/2017/texmf-dist/tex/xelatex/xepersian/article-xepersian.def
)) (./New_keynesian_TeX_binder.aux (./New_keynesian_dynamic_content.aux)
(./New_keynesian_latex_definitions.aux) (./New_keynesian_latex_parameters.aux))
*geometry* driver: auto-detecting
*geometry* detected driver: xetex
ABD: EveryShipout initializing macros
Package pgfplots notification 'compat/show suggested version=true': document ha
s been generated with the most recent feature set (\pgfplotsset{compat=1.14}).

(./New_keynesian_IRF.tex (./New_keynesian_IRF_e_u.tikz
(/usr/local/texlive/2017/texmf-dist/tex/latex/amsfonts/umsa.fd)
(/usr/local/texlive/2017/texmf-dist/tex/latex/amsfonts/umsb.fd))
(./New_keynesian_IRF_e_pi.tikz) [1] (./New_keynesian_IRF_e_nu.tikz) [2])
[3] (./New_keynesian_dynamic_content.tex) [4]
(./New_keynesian_latex_definitions.tex) [5]
(./New_keynesian_latex_parameters.tex) [6]
(./New_keynesian/Output/New_keynesian_covar_ex_shocks.tex

Package longtable Warning: Column widths have changed
(longtable)                in table 5 on input line 19.

) [7] (./New_keynesian/Output/New_keynesian_sim_autocorr_matrix.tex

Package longtable Warning: Column widths have changed
(longtable)                in table 6 on input line 21.

) [8] (./New_keynesian/Output/New_keynesian_sim_corr_matrix.tex

Package longtable Warning: Column widths have changed
(longtable)                in table 7 on input line 21.

) [9] (./New_keynesian/Output/New_keynesian_sim_moments.tex

Package longtable Warning: Column widths have changed
(longtable)                in table 8 on input line 21.

) [10] (./New_keynesian/Output/New_keynesian_sim_var_decomp.tex

Package longtable Warning: Column widths have changed
(longtable)                in table 9 on input line 21.

) [11]

Package longtable Warning: Table widths have changed. Rerun LaTeX.

(./New_keynesian_TeX_binder.aux (./New_keynesian_IRF.aux)
(./New_keynesian_dynamic_content.aux) (./New_keynesian_latex_definitions.aux)
(./New_keynesian_latex_parameters.aux)
(./New_keynesian/Output/New_keynesian_covar_ex_shocks.aux)
(./New_keynesian/Output/New_keynesian_sim_autocorr_matrix.aux)
(./New_keynesian/Output/New_keynesian_sim_corr_matrix.aux)
(./New_keynesian/Output/New_keynesian_sim_moments.aux)
(./New_keynesian/Output/New_keynesian_sim_var_decomp.aux))

LaTeX Warning: Label(s) may have changed. Rerun to get cross-references right.

 )
(\end occurred when \ifx on line 161 was incomplete)
Output written on New_keynesian_TeX_binder.pdf (11 pages).
Transcript written on New_keynesian_TeX_binder.log.
Total computing time : 0h00m06s
